9648:Thread-2:2022-03-12 20:24:21,436:app:decorated:INFO:someone try to use function that needs token but token is missing
7004:Thread-2:2022-03-13 00:02:51,807:app:decorated:INFO:someone try to use function that needs token but token is missing
1896:Thread-3:2022-03-13 00:02:58,671:app:decorated:INFO:someone try to use function that needs token but token is missing
6056:Thread-4:2022-03-13 00:03:54,261:app:decorated:INFO:someone try to use function that needs token but token is missing
17468:MainThread:2022-03-13 21:33:20,318:Db_config:create_all_entities:DEBUG:Created all sql tables.
17468:MainThread:2022-03-13 21:33:20,320:Db_config:create_all_entities:DEBUG:Created all sql tables.
8380:MainThread:2022-03-13 21:33:39,585:Db_config:create_all_entities:DEBUG:Created all sql tables.
8380:MainThread:2022-03-13 21:33:39,586:Db_config:create_all_entities:DEBUG:Created all sql tables.
18492:MainThread:2022-03-13 22:38:09,837:Db_config:create_all_entities:DEBUG:Created all sql tables.
18492:MainThread:2022-03-13 22:38:09,838:Db_config:create_all_entities:DEBUG:Created all sql tables.
11280:MainThread:2022-03-13 22:46:55,929:Db_config:create_all_entities:DEBUG:Created all sql tables.
11280:MainThread:2022-03-13 22:46:55,930:Db_config:create_all_entities:DEBUG:Created all sql tables.
20288:MainThread:2022-03-13 22:50:30,730:Db_config:create_all_entities:DEBUG:Created all sql tables.
20288:MainThread:2022-03-13 22:50:30,731:Db_config:create_all_entities:DEBUG:Created all sql tables.
1832:MainThread:2022-03-13 22:51:07,744:Db_config:create_all_entities:DEBUG:Created all sql tables.
1832:MainThread:2022-03-13 22:51:07,745:Db_config:create_all_entities:DEBUG:Created all sql tables.
808:MainThread:2022-03-13 22:51:20,679:Db_config:create_all_entities:DEBUG:Created all sql tables.
808:MainThread:2022-03-13 22:51:20,680:Db_config:create_all_entities:DEBUG:Created all sql tables.
22048:MainThread:2022-03-20 00:40:12,494:Db_config:create_all_entities:DEBUG:Created all sql tables.
22048:MainThread:2022-03-20 00:40:12,495:Db_config:create_all_entities:DEBUG:Created all sql tables.
20156:MainThread:2022-03-20 00:40:22,648:Db_config:create_all_entities:DEBUG:Created all sql tables.
22512:MainThread:2022-03-20 00:42:59,938:Db_config:create_all_entities:DEBUG:Created all sql tables.
16860:MainThread:2022-03-20 01:07:09,521:Db_config:create_all_entities:DEBUG:Created all sql tables.
1548:MainThread:2022-03-20 01:09:06,066:Db_config:create_all_entities:DEBUG:Created all sql tables.
24192:MainThread:2022-03-20 01:10:06,628:Db_config:create_all_entities:DEBUG:Created all sql tables.
23792:Thread-1:2022-03-20 02:01:24,145:app:get_or_post_customers:INFO: new customer created. http://127.0.0.1:5000/customers
18132:Thread-2:2022-03-20 02:02:03,450:app:get_or_post_customers:INFO: new customer created. http://127.0.0.1:5000/customers
22048:Thread-1:2022-03-20 02:03:10,585:app:get_or_post_customers:INFO: new customer created.
<id="7", full_name="dani", address="nurit 582"> http://127.0.0.1:5000/customers, 
10884:Thread-1:2022-03-20 02:04:34,775:app:get_or_post_customers:DEBUG: get all customer is about to happen 
22056:Thread-1:2022-03-20 02:12:49,203:app:get_customer_by_id:DEBUG: get customer by id is about to happen 
11360:Thread-1:2022-03-20 02:14:46,794:app:get_customer_by_id:DEBUG: get customer by id for id num4 is about to happen 
25364:Thread-1:2022-03-20 02:28:07,418:DbRepo:delete_customer_by_id:INFO: delete customer id 2 
25760:Thread-1:2022-03-20 02:30:20,929:DbRepo:delete_customer_by_id:INFO: delete customer id 1 
7248:MainThread:2022-03-20 22:32:43,003:Db_config:create_all_entities:DEBUG:Created all sql tables.
15344:MainThread:2022-03-20 22:33:36,505:Db_config:create_all_entities:DEBUG:Created all sql tables.
28060:MainThread:2022-03-20 22:35:29,607:Db_config:create_all_entities:DEBUG:Created all sql tables.
20672:Thread-3:2022-03-20 22:59:57,663:app:get_or_post_customers:DEBUG: get all customer is about to happen 
